Arguments: 
  C:\Program Files\nodejs\node.exe C:\Users\Arsen\AppData\Roaming\npm\node_modules\yarn\bin\yarn.js add compression1.6.2

PATH: 
  C:\WINDOWS\system32;C:\WINDOWS;C:\WINDOWS\System32\Wbem;C:\WINDOWS\System32\WindowsPowerShell\v1.0\;C:\WINDOWS\System32\OpenSSH\;C:\Program Files\Git\cmd;C:\Program Files\Go\bin;C:\flutter\bin;C:\Program Files (x86)\GtkSharp\2.12\bin;C:\Python27;C:\Users\Arsen\AppData\Roaming\nvm;C:\Program Files\nodejs;C:\Users\Arsen\AppData\Local\Microsoft\WindowsApps;C:\Users\Arsen\AppData\Local\Programs\Microsoft VS Code\bin;C:\Users\Arsen\go\bin;C:\Users\Arsen\AppData\Roaming\npm;C:\Users\Arsen\AppData\Roaming\nvm;C:\Program Files\nodejs;

Yarn version: 
  1.22.18

Node version: 
  14.15.3

Platform: 
  win32 x64

Trace: 
  Error: https://registry.yarnpkg.com/compression1.6.2: Not found
      at Request.params.callback [as _callback] (C:\Users\Arsen\AppData\Roaming\npm\node_modules\yarn\lib\cli.js:66138:18)
      at Request.self.callback (C:\Users\Arsen\AppData\Roaming\npm\node_modules\yarn\lib\cli.js:140883:22)
      at Request.emit (events.js:315:20)
      at Request.<anonymous> (C:\Users\Arsen\AppData\Roaming\npm\node_modules\yarn\lib\cli.js:141855:10)
      at Request.emit (events.js:315:20)
      at IncomingMessage.<anonymous> (C:\Users\Arsen\AppData\Roaming\npm\node_modules\yarn\lib\cli.js:141777:12)
      at Object.onceWrapper (events.js:421:28)
      at IncomingMessage.emit (events.js:327:22)
      at endReadableNT (internal/streams/readable.js:1327:12)
      at processTicksAndRejections (internal/process/task_queues.js:80:21)

npm manifest: 
  {
    "name": "omni-x-api",
    "version": "1.0.0",
    "description": "Omni-X Api",
    "scripts": {
      "dev": "nodemon --exec babel-node src/index.js",
      "build": "rm -rf dist && babel src --out-dir dist",
      "start": "NODE_ENV=production PORT=3333cs pm2 start dist/index.js",
      "lint": "eslint src"
    },
    "keywords": [
      "Express",
      "MongoDB",
      "Omni",
      "Omni-X",
      "Babel",
      "Webpack Configuration"
    ],
    "repository": {
      "type": "git",
      "url": "git+https://github.com/Top-Kraken/omni-x-api"
    },
    "author": "Top-Kraken",
    "license": "MIT",
    "dependencies": {
      "bcrypt-nodejs": "0.0.3",
      "body-parser": "1.15.1"
    }
  }

yarn manifest: 
  No manifest

Lockfile: 
  # THIS IS AN AUTOGENERATED FILE. DO NOT EDIT THIS FILE DIRECTLY.
  # yarn lockfile v1
  
  
  bcrypt-nodejs@0.0.3:
    version "0.0.3"
    resolved "https://registry.yarnpkg.com/bcrypt-nodejs/-/bcrypt-nodejs-0.0.3.tgz#c60917f26dc235661566c681061c303c2b28842b"
    integrity sha1-xgkX8m3CNWYVZsaBBhwwPCsohCs=
  
  body-parser@1.15.1:
    version "1.15.1"
    resolved "https://registry.yarnpkg.com/body-parser/-/body-parser-1.15.1.tgz#9bceef0669b8f8b943f0ad8ce5d95716bd740fd2"
    integrity sha1-m87vBmm4+LlD8K2M5dlXFr10D9I=
    dependencies:
      bytes "2.3.0"
      content-type "~1.0.1"
      debug "~2.2.0"
      depd "~1.1.0"
      http-errors "~1.4.0"
      iconv-lite "0.4.13"
      on-finished "~2.3.0"
      qs "6.1.0"
      raw-body "~2.1.6"
      type-is "~1.6.12"
  
  bytes@2.3.0:
    version "2.3.0"
    resolved "https://registry.yarnpkg.com/bytes/-/bytes-2.3.0.tgz#d5b680a165b6201739acb611542aabc2d8ceb070"
    integrity sha1-1baAoWW2IBc5rLYRVCqrwtjOsHA=
  
  bytes@2.4.0:
    version "2.4.0"
    resolved "https://registry.yarnpkg.com/bytes/-/bytes-2.4.0.tgz#7d97196f9d5baf7f6935e25985549edd2a6c2339"
    integrity sha1-fZcZb51br39pNeJZhVSe3SpsIzk=
  
  content-type@~1.0.1:
    version "1.0.4"
    resolved "https://registry.yarnpkg.com/content-type/-/content-type-1.0.4.tgz#e138cc75e040c727b1966fe5e5f8c9aee256fe3b"
    integrity sha512-hIP3EEPs8tB9AT1L+NUqtwOAps4mk2Zob89MWXMHjHWg9milF/j4osnnQLXBCBFBk/tvIG/tUc9mOUJiPBhPXA==
  
  debug@~2.2.0:
    version "2.2.0"
    resolved "https://registry.yarnpkg.com/debug/-/debug-2.2.0.tgz#f87057e995b1a1f6ae6a4960664137bc56f039da"
    integrity sha1-+HBX6ZWxofauaklgZkE3vFbwOdo=
    dependencies:
      ms "0.7.1"
  
  depd@~1.1.0:
    version "1.1.2"
    resolved "https://registry.yarnpkg.com/depd/-/depd-1.1.2.tgz#9bcd52e14c097763e749b274c4346ed2e560b5a9"
    integrity sha1-m81S4UwJd2PnSbJ0xDRu0uVgtak=
  
  ee-first@1.1.1:
    version "1.1.1"
    resolved "https://registry.yarnpkg.com/ee-first/-/ee-first-1.1.1.tgz#590c61156b0ae2f4f0255732a158b266bc56b21d"
    integrity sha1-WQxhFWsK4vTwJVcyoViyZrxWsh0=
  
  http-errors@~1.4.0:
    version "1.4.0"
    resolved "https://registry.yarnpkg.com/http-errors/-/http-errors-1.4.0.tgz#6c0242dea6b3df7afda153c71089b31c6e82aabf"
    integrity sha1-bAJC3qaz33r9oVPHEImzHG6Cqr8=
    dependencies:
      inherits "2.0.1"
      statuses ">= 1.2.1 < 2"
  
  iconv-lite@0.4.13:
    version "0.4.13"
    resolved "https://registry.yarnpkg.com/iconv-lite/-/iconv-lite-0.4.13.tgz#1f88aba4ab0b1508e8312acc39345f36e992e2f2"
    integrity sha1-H4irpKsLFQjoMSrMOTRfNumS4vI=
  
  inherits@2.0.1:
    version "2.0.1"
    resolved "https://registry.yarnpkg.com/inherits/-/inherits-2.0.1.tgz#b17d08d326b4423e568eff719f91b0b1cbdf69f1"
    integrity sha1-sX0I0ya0Qj5Wjv9xn5GwscvfafE=
  
  media-typer@0.3.0:
    version "0.3.0"
    resolved "https://registry.yarnpkg.com/media-typer/-/media-typer-0.3.0.tgz#8710d7af0aa626f8fffa1ce00168545263255748"
    integrity sha1-hxDXrwqmJvj/+hzgAWhUUmMlV0g=
  
  mime-db@1.52.0:
    version "1.52.0"
    resolved "https://registry.yarnpkg.com/mime-db/-/mime-db-1.52.0.tgz#bbabcdc02859f4987301c856e3387ce5ec43bf70"
    integrity sha512-sPU4uV7dYlvtWJxwwxHD0PuihVNiE7TyAbQ5SWxDCB9mUYvOgroQOwYQQOKPJ8CIbE+1ETVlOoK1UC2nU3gYvg==
  
  mime-types@~2.1.24:
    version "2.1.35"
    resolved "https://registry.yarnpkg.com/mime-types/-/mime-types-2.1.35.tgz#381a871b62a734450660ae3deee44813f70d959a"
    integrity sha512-ZDY+bPm5zTTF+YpCrAU9nK0UgICYPT0QtT1NZWFv4s++TNkcgVaT0g6+4R2uI4MjQjzysHB1zxuWL50hzaeXiw==
    dependencies:
      mime-db "1.52.0"
  
  ms@0.7.1:
    version "0.7.1"
    resolved "https://registry.yarnpkg.com/ms/-/ms-0.7.1.tgz#9cd13c03adbff25b65effde7ce864ee952017098"
    integrity sha1-nNE8A62/8ltl7/3nzoZO6VIBcJg=
  
  on-finished@~2.3.0:
    version "2.3.0"
    resolved "https://registry.yarnpkg.com/on-finished/-/on-finished-2.3.0.tgz#20f1336481b083cd75337992a16971aa2d906947"
    integrity sha1-IPEzZIGwg811M3mSoWlxqi2QaUc=
    dependencies:
      ee-first "1.1.1"
  
  qs@6.1.0:
    version "6.1.0"
    resolved "https://registry.yarnpkg.com/qs/-/qs-6.1.0.tgz#ec1d1626b24278d99f0fdf4549e524e24eceeb26"
    integrity sha1-7B0WJrJCeNmfD99FSeUk4k7O6yY=
  
  raw-body@~2.1.6:
    version "2.1.7"
    resolved "https://registry.yarnpkg.com/raw-body/-/raw-body-2.1.7.tgz#adfeace2e4fb3098058014d08c072dcc59758774"
    integrity sha1-rf6s4uT7MJgFgBTQjActzFl1h3Q=
    dependencies:
      bytes "2.4.0"
      iconv-lite "0.4.13"
      unpipe "1.0.0"
  
  "statuses@>= 1.2.1 < 2":
    version "1.5.0"
    resolved "https://registry.yarnpkg.com/statuses/-/statuses-1.5.0.tgz#161c7dac177659fd9811f43771fa99381478628c"
    integrity sha1-Fhx9rBd2Wf2YEfQ3cfqZOBR4Yow=
  
  type-is@~1.6.12:
    version "1.6.18"
    resolved "https://registry.yarnpkg.com/type-is/-/type-is-1.6.18.tgz#4e552cd05df09467dcbc4ef739de89f2cf37c131"
    integrity sha512-TkRKr9sUTxEH8MdfuCSP7VizJyzRNMjj2J2do2Jr3Kym598JVdEksuzPQCnlFPW4ky9Q+iA+ma9BGm06XQBy8g==
    dependencies:
      media-typer "0.3.0"
      mime-types "~2.1.24"
  
  unpipe@1.0.0:
    version "1.0.0"
    resolved "https://registry.yarnpkg.com/unpipe/-/unpipe-1.0.0.tgz#b2bf4ee8514aae6165b4817829d21b2ef49904ec"
    integrity sha1-sr9O6FFKrmFltIF4KdIbLvSZBOw=
